<?xml version="1.0" encoding="UTF-8"?>
<!-- Generated by org.testng.reporters.JUnitReportReporter -->
<testsuite hostname="APH10133" failures="0" tests="1" name="com.testng.script.TC002" time="0.009" errors="0" timestamp="2022-10-28T14:57:11 IST" skipped="0">
  <testcase classname="com.testng.script.TC002" name="funMethod1" time="0.009"/>
  <system-out/>
</testsuite> <!-- com.testng.script.TC002 -->
