<?xml version="1.0" encoding="UTF-8"?>
<!-- Generated by org.testng.reporters.JUnitReportReporter -->
<testsuite hostname="APH10133" failures="0" tests="6" name="com.scripts.jpet.JpetScript1" time="11.845" errors="0" timestamp="2022-10-31T11:53:00 IST" skipped="0">
  <testcase classname="com.scripts.jpet.JpetScript1" name="Fun_JpetInvoke" time="3.261"/>
  <system-out/>
  <testcase classname="com.scripts.jpet.JpetScript1" name="Fun_JpetClickSignin" time="2.229"/>
  <system-out/>
  <testcase classname="com.scripts.jpet.JpetScript1" name="Fun_Enter_UserName" time="2.066"/>
  <system-out/>
  <testcase classname="com.scripts.jpet.JpetScript1" name="Fun_Enter_Password" time="2.058"/>
  <system-out/>
  <testcase classname="com.scripts.jpet.JpetScript1" name="Fun_Click_Signon" time="2.229"/>
  <system-out/>
  <testcase classname="com.scripts.jpet.JpetScript1" name="displayString" time="0.002"/>
  <system-out/>
</testsuite> <!-- com.scripts.jpet.JpetScript1 -->
