<?xml version="1.0" encoding="UTF-8"?>
<!-- Generated by org.testng.reporters.JUnitReportReporter -->
<testsuite hostname="APH10133" failures="0" tests="6" name="com.scripts.jpet.JpetScript" time="12.619" errors="0" timestamp="2022-10-31T10:06:39 IST" skipped="0">
  <testcase classname="com.scripts.jpet.JpetScript" name="Fun_JpetInvoke" time="2.976"/>
  <system-out/>
  <testcase classname="com.scripts.jpet.JpetScript" name="Fun_JpetClickSignin" time="2.297"/>
  <system-out/>
  <testcase classname="com.scripts.jpet.JpetScript" name="Fun_Enter_UserName" time="2.086"/>
  <system-out/>
  <testcase classname="com.scripts.jpet.JpetScript" name="Fun_Enter_Password" time="2.100"/>
  <system-out/>
  <testcase classname="com.scripts.jpet.JpetScript" name="Fun_Click_Signon" time="2.274"/>
  <system-out/>
  <testcase classname="com.scripts.jpet.JpetScript" name="Fun_CloseBrowser" time="0.886"/>
  <system-out/>
</testsuite> <!-- com.scripts.jpet.JpetScript -->
