<?xml version="1.0" encoding="UTF-8"?>
<!-- Generated by org.testng.reporters.JUnitReportReporter -->
<testsuite hostname="APH10133" failures="0" tests="1" name="com.junit.scripts.TestCase1" time="4.783" errors="0" timestamp="2022-10-28T14:43:19 IST" skipped="0">
  <testcase classname="com.junit.scripts.TestCase1" name="test" time="4.783"/>
  <system-out/>
</testsuite> <!-- com.junit.scripts.TestCase1 -->
